<?xml version="1.0" encoding="UTF-8"?>
<!-- Generated by org.testng.reporters.JUnitXMLReporter -->
<testsuite ignored="0" hostname="DESKTOP-76QEUHJ" failures="0" tests="2" name="Default test" time="0.15" errors="0" timestamp="2024-10-17T11:47:14 IST">
  <testcase classname="tests.AddToCartFunctionality" name="@BeforeTest launchBrowser" time="-1.729145834665E9">
    <failure type="org.testng.TestNGException" message="
Parameter &amp;apos;browser&amp;apos; is required by BeforeTest on method launchBrowser but has not been marked @Optional or defined
in C:\Users\anushree\AppData\Local\Temp\testng-eclipse--401880808\testng-customsuite.xml">
      <![CDATA[org.testng.TestNGException: 
Parameter 'browser' is required by BeforeTest on method launchBrowser but has not been marked @Optional or defined
in C:\Users\anushree\AppData\Local\Temp\testng-eclipse--401880808\testng-customsuite.xml
at org.testng.internal.Parameters.createParams(Parameters.java:270)
at org.testng.internal.Parameters.createParametersForMethod(Parameters.java:358)
at org.testng.internal.Parameters.createParameters(Parameters.java:700)
at org.testng.internal.Parameters.createConfigurationParameters(Parameters.java:168)
at org.testng.internal.ConfigInvoker.invokeConfigurations(ConfigInvoker.java:302)
at org.testng.TestRunner.invokeTestConfigurations(TestRunner.java:637)
at org.testng.TestRunner.beforeRun(TestRunner.java:627)
at org.testng.TestRunner.run(TestRunner.java:589)
at org.testng.SuiteRunner.runTest(SuiteRunner.java:377)
at org.testng.SuiteRunner.runSequentially(SuiteRunner.java:371)
at org.testng.SuiteRunner.privateRun(SuiteRunner.java:332)
at org.testng.SuiteRunner.run(SuiteRunner.java:276)
at org.testng.SuiteRunnerWorker.runSuite(SuiteRunnerWorker.java:53)
at org.testng.SuiteRunnerWorker.run(SuiteRunnerWorker.java:96)
at org.testng.TestNG.runSuitesSequentially(TestNG.java:1212)
at org.testng.TestNG.runSuitesLocally(TestNG.java:1134)
at org.testng.TestNG.runSuites(TestNG.java:1063)
at org.testng.TestNG.run(TestNG.java:1031)
at org.testng.remote.AbstractRemoteTestNG.run(AbstractRemoteTestNG.java:115)
at org.testng.remote.RemoteTestNG.initAndRun(RemoteTestNG.java:293)
at org.testng.remote.RemoteTestNG.main(RemoteTestNG.java:91)
]]>
    </failure>
  </testcase> <!-- @BeforeTest launchBrowser -->
  <testcase classname="tests.AddToCartFunctionality" name="@BeforeClass initializePomObject" time="-1.729145834726E9">
    <skipped/>
  </testcase> <!-- @BeforeClass initializePomObject -->
  <testcase classname="tests.AddToCartFunctionality" name="@BeforeMethod launchApplication" time="-1.729145834756E9">
    <skipped/>
  </testcase> <!-- @BeforeMethod launchApplication -->
  <testcase classname="tests.AddToCartFunctionality" name="@AfterMethod closeApplication" time="-1.729145834772E9">
    <skipped/>
  </testcase> <!-- @AfterMethod closeApplication -->
  <testcase classname="tests.AddToCartFunctionality" name="@BeforeMethod launchApplication" time="-1.729145834787E9">
    <skipped/>
  </testcase> <!-- @BeforeMethod launchApplication -->
  <testcase classname="tests.AddToCartFunctionality" name="@AfterMethod closeApplication" time="-1.729145834794E9">
    <skipped/>
  </testcase> <!-- @AfterMethod closeApplication -->
  <testcase classname="tests.AddToCartFunctionality" name="@AfterClass removePOM" time="-1.729145834795E9">
    <skipped/>
  </testcase> <!-- @AfterClass removePOM -->
  <testcase classname="tests.AddToCartFunctionality" name="@AfterTest closeBrowser" time="-1.729145834799E9">
    <skipped/>
  </testcase> <!-- @AfterTest closeBrowser -->
  <testcase classname="tests.AddToCartFunctionality" name="addToCart" time="0.0">
    <skipped/>
  </testcase> <!-- addToCart -->
  <testcase classname="tests.AddToCartFunctionality" name="searchAndAddToCart" time="0.0">
    <skipped/>
  </testcase> <!-- searchAndAddToCart -->
</testsuite> <!-- Default test -->
