<?xml version="1.0" encoding="UTF-8"?>
<!-- Generated by org.testng.reporters.JUnitXMLReporter -->
<testsuite ignored="0" hostname="DESKTOP-76QEUHJ" failures="1" tests="3" name="EdgeTest" time="95.045" errors="0" timestamp="2024-10-17T18:52:51 IST">
  <testcase classname="tests.AddToCartFunctionality" name="@AfterMethod closeApplication" time="0.007">
    <failure type="java.lang.NullPointerException" message="Cannot invoke &amp;quot;java.util.List.get(int)&amp;quot; because &amp;quot;this.addr&amp;quot; is null">
      <![CDATA[java.lang.NullPointerException: Cannot invoke "java.util.List.get(int)" because "this.addr" is null
at tests.AddToCartFunctionality.closeApplication(AddToCartFunctionality.java:119)
at java.base/java.util.concurrent.ThreadPoolExecutor.runWorker(ThreadPoolExecutor.java:1136)
at java.base/java.util.concurrent.ThreadPoolExecutor$Worker.run(ThreadPoolExecutor.java:635)
at java.base/java.lang.Thread.run(Thread.java:842)
... Removed 17 stack frames]]>
    </failure>
  </testcase> <!-- @AfterMethod closeApplication -->
  <testcase classname="tests.AddToCartFunctionality" name="@BeforeMethod launchApplication" time="-1.729171368435E9">
    <skipped/>
  </testcase> <!-- @BeforeMethod launchApplication -->
  <testcase classname="tests.AddToCartFunctionality" name="@AfterMethod closeApplication" time="-1.729171368447E9">
    <skipped/>
  </testcase> <!-- @AfterMethod closeApplication -->
  <testcase classname="tests.AddToCartFunctionality" name="@AfterClass removePOM" time="-1.729171368455E9">
    <skipped/>
  </testcase> <!-- @AfterClass removePOM -->
  <testcase classname="tests.AddToCartFunctionality" name="@AfterTest closeBrowser" time="-1.729171371533E9">
    <skipped/>
  </testcase> <!-- @AfterTest closeBrowser -->
  <testcase classname="tests.ReturnAndOrdersFunctionality" name="@AfterTest closeBrowser" time="-1.729171371607E9">
    <skipped/>
  </testcase> <!-- @AfterTest closeBrowser -->
  <testcase classname="tests.AddToCartFunctionality" name="addToCart" time="51.231"/>
  <testcase classname="tests.AddToCartFunctionality" name="searchAndAddToCart" time="0.0">
    <skipped/>
  </testcase> <!-- searchAndAddToCart -->
  <testcase classname="tests.ReturnAndOrdersFunctionality" name="returnAndOrders" time="50.863">
    <failure type="org.openqa.selenium.ScriptTimeoutException" message="script timeout
  (Session info: MicrosoftEdge=129.0.2792.89)
Build info: version: &amp;apos;4.22.0&amp;apos;, revision: &amp;apos;c5f3146703*&amp;apos;
System info: os.name: &amp;apos;Windows 11&amp;apos;, os.arch: &amp;apos;amd64&amp;apos;, os.version: &amp;apos;10.0&amp;apos;, java.version: &amp;apos;17.0.10&amp;apos;
Driver info: org.openqa.selenium.edge.EdgeDriver
Command: [d08c4e9ef7464dcc45d4acc0ee72b47c, executeAsyncScript {args=[], script=window.scrollBy(0, 900)}]
Capabilities {acceptInsecureCerts: false, browserName: MicrosoftEdge, browserVersion: 129.0.2792.89, fedcm:accounts: true, ms:edgeOptions: {debuggerAddress: localhost:12419}, msedge: {msedgedriverVersion: 129.0.2792.89 (65986ec8d2a8..., userDataDir: C:\Users\anushree\AppData\L...}, networkConnectionEnabled: false, pageLoadStrategy: normal, platformName: windows, proxy: Proxy(), se:cdp: ws://localhost:12419/devtoo..., se:cdpVersion: 129.0.2792.89, setWindowRect: true, strictFileInteractability: false, timeouts: {implicit: 0, pageLoad: 300000, script: 30000}, unhandledPromptBehavior: dismiss and notify, webauthn:extension:credBlob: true, webauthn:extension:largeBlob: true, webauthn:extension:minPinLength: true, webauthn:extension:prf: true, webauthn:virtualAuthenticators: true}
Session ID: d08c4e9ef7464dcc45d4acc0ee72b47c">
      <![CDATA[org.openqa.selenium.ScriptTimeoutException: script timeout
  (Session info: MicrosoftEdge=129.0.2792.89)
Build info: version: '4.22.0', revision: 'c5f3146703*'
System info: os.name: 'Windows 11', os.arch: 'amd64', os.version: '10.0', java.version: '17.0.10'
Driver info: org.openqa.selenium.edge.EdgeDriver
Command: [d08c4e9ef7464dcc45d4acc0ee72b47c, executeAsyncScript {args=[], script=window.scrollBy(0, 900)}]
Capabilities {acceptInsecureCerts: false, browserName: MicrosoftEdge, browserVersion: 129.0.2792.89, fedcm:accounts: true, ms:edgeOptions: {debuggerAddress: localhost:12419}, msedge: {msedgedriverVersion: 129.0.2792.89 (65986ec8d2a8..., userDataDir: C:\Users\anushree\AppData\L...}, networkConnectionEnabled: false, pageLoadStrategy: normal, platformName: windows, proxy: Proxy(), se:cdp: ws://localhost:12419/devtoo..., se:cdpVersion: 129.0.2792.89, setWindowRect: true, strictFileInteractability: false, timeouts: {implicit: 0, pageLoad: 300000, script: 30000}, unhandledPromptBehavior: dismiss and notify, webauthn:extension:credBlob: true, webauthn:extension:largeBlob: true, webauthn:extension:minPinLength: true, webauthn:extension:prf: true, webauthn:virtualAuthenticators: true}
Session ID: d08c4e9ef7464dcc45d4acc0ee72b47c
at org.openqa.selenium.remote.ErrorCodec.decode(ErrorCodec.java:167)
at org.openqa.selenium.remote.codec.w3c.W3CHttpResponseCodec.decode(W3CHttpResponseCodec.java:138)
at org.openqa.selenium.remote.codec.w3c.W3CHttpResponseCodec.decode(W3CHttpResponseCodec.java:50)
at org.openqa.selenium.remote.HttpCommandExecutor.execute(HttpCommandExecutor.java:190)
at org.openqa.selenium.remote.service.DriverCommandExecutor.invokeExecute(DriverCommandExecutor.java:216)
at org.openqa.selenium.remote.service.DriverCommandExecutor.execute(DriverCommandExecutor.java:174)
at org.openqa.selenium.remote.RemoteWebDriver.execute(RemoteWebDriver.java:518)
at org.openqa.selenium.remote.RemoteWebDriver.executeAsyncScript(RemoteWebDriver.java:471)
at pages.ReturnAndOrders.scroll(ReturnAndOrders.java:36)
at tests.ReturnAndOrdersFunctionality.returnAndOrders(ReturnAndOrdersFunctionality.java:88)
at java.base/java.util.concurrent.ThreadPoolExecutor.runWorker(ThreadPoolExecutor.java:1136)
at java.base/java.util.concurrent.ThreadPoolExecutor$Worker.run(ThreadPoolExecutor.java:635)
at java.base/java.lang.Thread.run(Thread.java:842)
... Removed 17 stack frames]]>
    </failure>
  </testcase> <!-- returnAndOrders -->
</testsuite> <!-- EdgeTest -->
